<?xml version="1.0" encoding="UTF-8"?>
<!-- Generated by org.testng.reporters.JUnitReportReporter -->
<testsuite skipped="0" hostname="HW1379" name="cucumberTest.TestRunner" tests="1" failures="0" timestamp="27 Jan 2020 11:52:06 GMT" time="39.479" errors="0">
  <testcase name="feature" time="39.479" classname="cucumberTest.TestRunner"/>
</testsuite> <!-- cucumberTest.TestRunner -->
