<?xml version="1.0" encoding="UTF-8"?>
<!-- Generated by org.testng.reporters.JUnitReportReporter -->
<testsuite skipped="0" hostname="HW1379" name="cucumberTest.TestRunner" tests="2" failures="0" timestamp="17 Jan 2020 13:43:35 GMT" time="94.656" errors="0">
  <testcase name="feature" time="46.034" classname="cucumberTest.TestRunner"/>
  <testcase name="feature" time="48.622" classname="cucumberTest.TestRunner"/>
</testsuite> <!-- cucumberTest.TestRunner -->
