<?xml version="1.0" encoding="UTF-8"?>
<!-- Generated by org.testng.reporters.JUnitReportReporter -->
<testsuite skipped="0" hostname="HW1379" name="cucumberTest.TestRunner" tests="2" failures="0" timestamp="17 Jan 2020 14:34:54 GMT" time="119.155" errors="0">
  <testcase name="feature" time="64.631" classname="cucumberTest.TestRunner"/>
  <testcase name="feature" time="54.524" classname="cucumberTest.TestRunner"/>
</testsuite> <!-- cucumberTest.TestRunner -->
